<?xml version="1.0" encoding="UTF-8"?>
<testsuite name="hexlet.code.DifferTest" tests="1" skipped="0" failures="0" errors="0" timestamp="2023-01-16T10:55:45" hostname="xushaha-All-Series" time="0.795">
  <properties/>
  <testcase name="testYamlGenerateJSON()" classname="hexlet.code.DifferTest" time="0.795"/>
  <system-out><![CDATA[]]></system-out>
  <system-err><![CDATA[]]></system-err>
</testsuite>
